<?xml version="1.0" encoding="UTF-8" ?>
<testsuite tests="10" failures="0" name="com.yourcompany.SampleSauceTest" time="0.028" errors="10" skipped="0">
  <properties>
[...]
</properties>
  <testcase classname="com.yourcompany.SampleSauceTest" name="loginTest[2]" time="0.004">
    <error type="java.lang.NullPointerException">java.lang.NullPointerException
	at com.yourcompany.SampleSauceTest.tearDown(SampleSauceTest.java:192)
	at sun.reflect.NativeMethodAccessorImpl.invoke0(Native Method)
	at sun.reflect.NativeMethodAccessorImpl.invoke(NativeMethodAccessorImpl.java:62)
	at sun.reflect.DelegatingMethodAccessorImpl.invoke(DelegatingMethodAccessorImpl.java:43)
	at java.lang.reflect.Method.invoke(Method.java:497)
	at org.junit.runners.model.FrameworkMethod$1.runReflectiveCall(FrameworkMethod.java:47)
	at org.junit.internal.runners.model.ReflectiveCallable.run(ReflectiveCallable.java:12)
	at org.junit.runners.model.FrameworkMethod.invokeExplosively(FrameworkMethod.java:44)
	at org.junit.internal.runners.statements.RunAfters.evaluate(RunAfters.java:33)
	at org.junit.rules.TestWatcher$1.evaluate(TestWatcher.java:55)
	at org.junit.rules.RunRules.evaluate(RunRules.java:20)
	at org.junit.runners.ParentRunner.runLeaf(ParentRunner.java:271)
	at org.junit.runners.BlockJUnit4ClassRunner.runChild(BlockJUnit4ClassRunner.java:70)
	at com.saucelabs.junit.ConcurrentParameterized$SauceClassRunnerForParameters.access$300(ConcurrentParameterized.java:170)
	at com.saucelabs.junit.ConcurrentParameterized$SauceClassRunnerForParameters$2.run(ConcurrentParameterized.java:287)
	at com.saucelabs.junit.ConcurrentParameterized$NonBlockingAsynchronousRunner$1.call(ConcurrentParameterized.java:312)
	at java.util.concurrent.FutureTask.run(FutureTask.java:266)
	at java.util.concurrent.ThreadPoolExecutor.runWorker(ThreadPoolExecutor.java:1142)
	at java.util.concurrent.ThreadPoolExecutor$Worker.run(ThreadPoolExecutor.java:617)
	at java.lang.Thread.run(Thread.java:745)
</error>
  </testcase>
  <testcase classname="com.yourcompany.SampleSauceTest" name="loginTest[0]" time="0.001">
    <error type="java.lang.NullPointerException">java.lang.NullPointerException
	at com.yourcompany.SampleSauceTest.tearDown(SampleSauceTest.java:192)
	at sun.reflect.NativeMethodAccessorImpl.invoke0(Native Method)
	at sun.reflect.NativeMethodAccessorImpl.invoke(NativeMethodAccessorImpl.java:62)
	at sun.reflect.DelegatingMethodAccessorImpl.invoke(DelegatingMethodAccessorImpl.java:43)
	at java.lang.reflect.Method.invoke(Method.java:497)
	at org.junit.runners.model.FrameworkMethod$1.runReflectiveCall(FrameworkMethod.java:47)
	at org.junit.internal.runners.model.ReflectiveCallable.run(ReflectiveCallable.java:12)
	at org.junit.runners.model.FrameworkMethod.invokeExplosively(FrameworkMethod.java:44)
	at org.junit.internal.runners.statements.RunAfters.evaluate(RunAfters.java:33)
	at org.junit.rules.TestWatcher$1.evaluate(TestWatcher.java:55)
	at org.junit.rules.RunRules.evaluate(RunRules.java:20)
	at org.junit.runners.ParentRunner.runLeaf(ParentRunner.java:271)
	at org.junit.runners.BlockJUnit4ClassRunner.runChild(BlockJUnit4ClassRunner.java:70)
	at com.saucelabs.junit.ConcurrentParameterized$SauceClassRunnerForParameters.access$300(ConcurrentParameterized.java:170)
	at com.saucelabs.junit.ConcurrentParameterized$SauceClassRunnerForParameters$2.run(ConcurrentParameterized.java:287)
	at com.saucelabs.junit.ConcurrentParameterized$NonBlockingAsynchronousRunner$1.call(ConcurrentParameterized.java:312)
	at java.util.concurrent.FutureTask.run(FutureTask.java:266)
	at java.util.concurrent.ThreadPoolExecutor.runWorker(ThreadPoolExecutor.java:1142)
	at java.util.concurrent.ThreadPoolExecutor$Worker.run(ThreadPoolExecutor.java:617)
	at java.lang.Thread.run(Thread.java:745)
</error>
  </testcase>
  <testcase classname="com.yourcompany.SampleSauceTest" name="loginTest[7]" time="0">
    <error type="java.lang.NullPointerException">java.lang.NullPointerException
	at com.yourcompany.SampleSauceTest.tearDown(SampleSauceTest.java:192)
	at sun.reflect.NativeMethodAccessorImpl.invoke0(Native Method)
	at sun.reflect.NativeMethodAccessorImpl.invoke(NativeMethodAccessorImpl.java:62)
	at sun.reflect.DelegatingMethodAccessorImpl.invoke(DelegatingMethodAccessorImpl.java:43)
	at java.lang.reflect.Method.invoke(Method.java:497)
	at org.junit.runners.model.FrameworkMethod$1.runReflectiveCall(FrameworkMethod.java:47)
	at org.junit.internal.runners.model.ReflectiveCallable.run(ReflectiveCallable.java:12)
	at org.junit.runners.model.FrameworkMethod.invokeExplosively(FrameworkMethod.java:44)
	at org.junit.internal.runners.statements.RunAfters.evaluate(RunAfters.java:33)
	at org.junit.rules.TestWatcher$1.evaluate(TestWatcher.java:55)
	at org.junit.rules.RunRules.evaluate(RunRules.java:20)
	at org.junit.runners.ParentRunner.runLeaf(ParentRunner.java:271)
	at org.junit.runners.BlockJUnit4ClassRunner.runChild(BlockJUnit4ClassRunner.java:70)
	at com.saucelabs.junit.ConcurrentParameterized$SauceClassRunnerForParameters.access$300(ConcurrentParameterized.java:170)
	at com.saucelabs.junit.ConcurrentParameterized$SauceClassRunnerForParameters$2.run(ConcurrentParameterized.java:287)
	at com.saucelabs.junit.ConcurrentParameterized$NonBlockingAsynchronousRunner$1.call(ConcurrentParameterized.java:312)
	at java.util.concurrent.FutureTask.run(FutureTask.java:266)
	at java.util.concurrent.ThreadPoolExecutor.runWorker(ThreadPoolExecutor.java:1142)
	at java.util.concurrent.ThreadPoolExecutor$Worker.run(ThreadPoolExecutor.java:617)
	at java.lang.Thread.run(Thread.java:745)
</error>
  </testcase>
  <testcase classname="com.yourcompany.SampleSauceTest" name="loginTest[6]" time="0.003">
    <error type="java.lang.NullPointerException">java.lang.NullPointerException
	at com.yourcompany.SampleSauceTest.tearDown(SampleSauceTest.java:192)
	at sun.reflect.NativeMethodAccessorImpl.invoke0(Native Method)
	at sun.reflect.NativeMethodAccessorImpl.invoke(NativeMethodAccessorImpl.java:62)
	at sun.reflect.DelegatingMethodAccessorImpl.invoke(DelegatingMethodAccessorImpl.java:43)
	at java.lang.reflect.Method.invoke(Method.java:497)
	at org.junit.runners.model.FrameworkMethod$1.runReflectiveCall(FrameworkMethod.java:47)
	at org.junit.internal.runners.model.ReflectiveCallable.run(ReflectiveCallable.java:12)
	at org.junit.runners.model.FrameworkMethod.invokeExplosively(FrameworkMethod.java:44)
	at org.junit.internal.runners.statements.RunAfters.evaluate(RunAfters.java:33)
	at org.junit.rules.TestWatcher$1.evaluate(TestWatcher.java:55)
	at org.junit.rules.RunRules.evaluate(RunRules.java:20)
	at org.junit.runners.ParentRunner.runLeaf(ParentRunner.java:271)
	at org.junit.runners.BlockJUnit4ClassRunner.runChild(BlockJUnit4ClassRunner.java:70)
	at com.saucelabs.junit.ConcurrentParameterized$SauceClassRunnerForParameters.access$300(ConcurrentParameterized.java:170)
	at com.saucelabs.junit.ConcurrentParameterized$SauceClassRunnerForParameters$2.run(ConcurrentParameterized.java:287)
	at com.saucelabs.junit.ConcurrentParameterized$NonBlockingAsynchronousRunner$1.call(ConcurrentParameterized.java:312)
	at java.util.concurrent.FutureTask.run(FutureTask.java:266)
	at java.util.concurrent.ThreadPoolExecutor.runWorker(ThreadPoolExecutor.java:1142)
	at java.util.concurrent.ThreadPoolExecutor$Worker.run(ThreadPoolExecutor.java:617)
	at java.lang.Thread.run(Thread.java:745)
</error>
  </testcase>
  <testcase classname="com.yourcompany.SampleSauceTest" name="loginTest[9]" time="0.002">
    <error message="&lt;!DOCTYPE html PUBLIC &quot;-//W3C//DTD HTML 4.01//EN&quot; &quot;http://www.w3.org/TR/html4/strict.dtd&quot;&gt;&lt;html&gt;&lt;head&gt;&lt;meta http-equiv=&quot;Content-Type&quot; content=&quot;text/html; charset=utf-8&quot;&gt;&lt;title&gt;ERROR: The requested URL could not be retrieved&lt;/title&gt;&lt;style type=&quot;text/css&quot;&gt;&lt;!--  Internal Error: Missing Template MGR_INDEXbody:lang(fa) { direction: rtl; font-size: 100%; font-family: Tahoma, Roya, sans-serif; float: right; }:lang(he) { direction: rtl; } --&gt;&lt;/style&gt;&lt;meta http-equiv=&quot;refresh&quot; content=&quot;0; url=http://www.flyfi.com/global/errors/no-coverage.htm&quot;/&gt;&lt;style type=&quot;text/css&quot;&gt;&lt;!-- html body {font-size: 0pt; color: #ffffff; background: #ffffff;} hr { display: none; } #titles { background: #ffffff; color: #ffffff; } h1 { font-size: 0pt; color: #ffffff; } h2 { font-size: 0pt; color: #ffffff; } #footer { font-size: 0pt; color: #ffffff; } a { color: #ffffff; font-size: 0pt; } p { color: #ffffff; font-size: 0pt; } --&gt;&lt;/style&gt;&lt;/head&gt;&lt;body id=ERR_READ_ERROR&gt;&lt;div id=&quot;titles&quot;&gt;&lt;h1&gt;ERROR&lt;/h1&gt;&lt;h2&gt;The requested URL could not be retrieved&lt;/h2&gt;&lt;/div&gt;&lt;hr&gt;&lt;div id=&quot;content&quot;&gt;&lt;p&gt;The following error was encountered while trying to retrieve the URL: &lt;a href=&quot;http://ondemand.saucelabs.com/wd/hub/session/16e456ec3c344cfa909e8b52182f5c07/element&quot;&gt;http://ondemand.saucelabs.com/wd/hub/session/16e456ec3c344cfa909e8b52182f5c07/element&lt;/a&gt;&lt;/p&gt;&lt;blockquote id=&quot;error&quot;&gt;&lt;p&gt;&lt;b&gt;Read Error&lt;/b&gt;&lt;/p&gt;&lt;/blockquote&gt;&lt;p id=&quot;sysmsg&quot;&gt;The system returned: &lt;i&gt;(104) Connection reset by peer&lt;/i&gt;&lt;/p&gt;&lt;p&gt;An error condition occurred while reading data from the network. Please retry your request.&lt;/p&gt;&lt;p&gt;Your cache administrator is &lt;a href=&quot;mailto:webmaster?subject=CacheErrorInfo%20-%20ERR_READ_ERROR&amp;amp;body=CacheHost%3A%203%0D%0AErrPage%3A%20ERR_READ_ERROR%0D%0AErr%3A%20(104)%20Connection%20reset%20by%20peer%0D%0ATimeStamp%3A%20Tue,%2016%20Jun%202015%2023%3A19%3A10%20GMT%0D%0A%0D%0AClientIP%3A%20172.27.6.112%0D%0AServerIP%3A%20ondemand.saucelabs.com%0D%0A%0D%0AHTTP%20Request%3A%0D%0APOST%20%2Fwd%2Fhub%2Fsession%2F16e456ec3c344cfa909e8b52182f5c07%2Felement%20HTTP%2F1.1%0AContent-Type%3A%20application%2Fjson%3B%20charset%3Dutf-8%0D%0AContent-Length%3A%20121%0D%0AHost%3A%20ondemand.saucelabs.com%3A80%0D%0AConnection%3A%20Keep-Alive%0D%0AUser-Agent%3A%20Apache-HttpClient%2F4.3.6%20(java%201.5)%0D%0AAccept-Encoding%3A%20gzip,deflate%0D%0A%0D%0A%0D%0A&quot;&gt;webmaster&lt;/a&gt;.&lt;/p&gt;&lt;br&gt;&lt;/div&gt;&lt;hr&gt;&lt;div id=&quot;footer&quot;&gt;&lt;p&gt;Generated Tue, 16 Jun 2015 23:19:10 GMT by 3 (squid)&lt;/p&gt;&lt;!-- ERR_READ_ERROR --&gt;&lt;/div&gt;&lt;/body&gt;&lt;/html&gt;
Command duration or timeout: 5.74 seconds
Build info: version: &apos;2.45.0&apos;, revision: &apos;5017cb8e7ca8e37638dc3091b2440b90a1d8686f&apos;, time: &apos;2015-02-27 09:10:26&apos;
System info: host: &apos;kristians-MacBook-Air.local&apos;, ip: &apos;172.27.6.112&apos;, os.name: &apos;Mac OS X&apos;, os.arch: &apos;x86_64&apos;, os.version: &apos;10.10.3&apos;, java.version: &apos;1.8.0_40&apos;
Driver info: org.openqa.selenium.remote.RemoteWebDriver
Capabilities [{applicationCacheEnabled=true, rotatable=false, hasMetadata=true, databaseEnabled=true, handlesAlerts=true, version=38.0.5, platform=WINDOWS, nativeEvents=false, acceptSslCerts=true, webdriver.remote.sessionid=16e456ec3c344cfa909e8b52182f5c07, locationContextEnabled=true, webStorageEnabled=true, takesScreenshot=true, browserName=firefox, javascriptEnabled=true, cssSelectorsEnabled=true}]
Session ID: 16e456ec3c344cfa909e8b52182f5c07
*** Element info: {Using=xpath, value=//div[@class=&apos;xdeals-container&apos;]//a[.=&apos;Search Express Deals®&apos;]}" type="org.openqa.selenium.WebDriverException">org.openqa.selenium.WebDriverException: &lt;!DOCTYPE html PUBLIC &quot;-//W3C//DTD HTML 4.01//EN&quot; &quot;http://www.w3.org/TR/html4/strict.dtd&quot;&gt;&lt;html&gt;&lt;head&gt;&lt;meta http-equiv=&quot;Content-Type&quot; content=&quot;text/html; charset=utf-8&quot;&gt;&lt;title&gt;ERROR: The requested URL could not be retrieved&lt;/title&gt;&lt;style type=&quot;text/css&quot;&gt;&lt;!--  Internal Error: Missing Template MGR_INDEXbody:lang(fa) { direction: rtl; font-size: 100%; font-family: Tahoma, Roya, sans-serif; float: right; }:lang(he) { direction: rtl; } --&gt;&lt;/style&gt;&lt;meta http-equiv=&quot;refresh&quot; content=&quot;0; url=http://www.flyfi.com/global/errors/no-coverage.htm&quot;/&gt;&lt;style type=&quot;text/css&quot;&gt;&lt;!-- html body {font-size: 0pt; color: #ffffff; background: #ffffff;} hr { display: none; } #titles { background: #ffffff; color: #ffffff; } h1 { font-size: 0pt; color: #ffffff; } h2 { font-size: 0pt; color: #ffffff; } #footer { font-size: 0pt; color: #ffffff; } a { color: #ffffff; font-size: 0pt; } p { color: #ffffff; font-size: 0pt; } --&gt;&lt;/style&gt;&lt;/head&gt;&lt;body id=ERR_READ_ERROR&gt;&lt;div id=&quot;titles&quot;&gt;&lt;h1&gt;ERROR&lt;/h1&gt;&lt;h2&gt;The requested URL could not be retrieved&lt;/h2&gt;&lt;/div&gt;&lt;hr&gt;&lt;div id=&quot;content&quot;&gt;&lt;p&gt;The following error was encountered while trying to retrieve the URL: &lt;a href=&quot;http://ondemand.saucelabs.com/wd/hub/session/16e456ec3c344cfa909e8b52182f5c07/element&quot;&gt;http://ondemand.saucelabs.com/wd/hub/session/16e456ec3c344cfa909e8b52182f5c07/element&lt;/a&gt;&lt;/p&gt;&lt;blockquote id=&quot;error&quot;&gt;&lt;p&gt;&lt;b&gt;Read Error&lt;/b&gt;&lt;/p&gt;&lt;/blockquote&gt;&lt;p id=&quot;sysmsg&quot;&gt;The system returned: &lt;i&gt;(104) Connection reset by peer&lt;/i&gt;&lt;/p&gt;&lt;p&gt;An error condition occurred while reading data from the network. Please retry your request.&lt;/p&gt;&lt;p&gt;Your cache administrator is &lt;a href=&quot;mailto:webmaster?subject=CacheErrorInfo%20-%20ERR_READ_ERROR&amp;amp;body=CacheHost%3A%203%0D%0AErrPage%3A%20ERR_READ_ERROR%0D%0AErr%3A%20(104)%20Connection%20reset%20by%20peer%0D%0ATimeStamp%3A%20Tue,%2016%20Jun%202015%2023%3A19%3A10%20GMT%0D%0A%0D%0AClientIP%3A%20172.27.6.112%0D%0AServerIP%3A%20ondemand.saucelabs.com%0D%0A%0D%0AHTTP%20Request%3A%0D%0APOST%20%2Fwd%2Fhub%2Fsession%2F16e456ec3c344cfa909e8b52182f5c07%2Felement%20HTTP%2F1.1%0AContent-Type%3A%20application%2Fjson%3B%20charset%3Dutf-8%0D%0AContent-Length%3A%20121%0D%0AHost%3A%20ondemand.saucelabs.com%3A80%0D%0AConnection%3A%20Keep-Alive%0D%0AUser-Agent%3A%20Apache-HttpClient%2F4.3.6%20(java%201.5)%0D%0AAccept-Encoding%3A%20gzip,deflate%0D%0A%0D%0A%0D%0A&quot;&gt;webmaster&lt;/a&gt;.&lt;/p&gt;&lt;br&gt;&lt;/div&gt;&lt;hr&gt;&lt;div id=&quot;footer&quot;&gt;&lt;p&gt;Generated Tue, 16 Jun 2015 23:19:10 GMT by 3 (squid)&lt;/p&gt;&lt;!-- ERR_READ_ERROR --&gt;&lt;/div&gt;&lt;/body&gt;&lt;/html&gt;
Command duration or timeout: 5.74 seconds
Build info: version: &apos;2.45.0&apos;, revision: &apos;5017cb8e7ca8e37638dc3091b2440b90a1d8686f&apos;, time: &apos;2015-02-27 09:10:26&apos;
System info: host: &apos;kristians-MacBook-Air.local&apos;, ip: &apos;172.27.6.112&apos;, os.name: &apos;Mac OS X&apos;, os.arch: &apos;x86_64&apos;, os.version: &apos;10.10.3&apos;, java.version: &apos;1.8.0_40&apos;
Driver info: org.openqa.selenium.remote.RemoteWebDriver
Capabilities [{applicationCacheEnabled=true, rotatable=false, hasMetadata=true, databaseEnabled=true, handlesAlerts=true, version=38.0.5, platform=WINDOWS, nativeEvents=false, acceptSslCerts=true, webdriver.remote.sessionid=16e456ec3c344cfa909e8b52182f5c07, locationContextEnabled=true, webStorageEnabled=true, takesScreenshot=true, browserName=firefox, javascriptEnabled=true, cssSelectorsEnabled=true}]
Session ID: 16e456ec3c344cfa909e8b52182f5c07
*** Element info: {Using=xpath, value=//div[@class=&apos;xdeals-container&apos;]//a[.=&apos;Search Express Deals®&apos;]}
	at sun.reflect.NativeConstructorAccessorImpl.newInstance0(Native Method)
	at sun.reflect.NativeConstructorAccessorImpl.newInstance(NativeConstructorAccessorImpl.java:62)
	at sun.reflect.DelegatingConstructorAccessorImpl.newInstance(DelegatingConstructorAccessorImpl.java:45)
	at java.lang.reflect.Constructor.newInstance(Constructor.java:422)
	at org.openqa.selenium.remote.ErrorHandler.createThrowable(ErrorHandler.java:204)
	at org.openqa.selenium.remote.ErrorHandler.throwIfResponseFailed(ErrorHandler.java:156)
	at org.openqa.selenium.remote.RemoteWebDriver.execute(RemoteWebDriver.java:599)
	at org.openqa.selenium.remote.RemoteWebDriver.findElement(RemoteWebDriver.java:352)
	at org.openqa.selenium.remote.RemoteWebDriver.findElementByXPath(RemoteWebDriver.java:449)
	at org.openqa.selenium.By$ByXPath.findElement(By.java:357)
	at org.openqa.selenium.remote.RemoteWebDriver.findElement(RemoteWebDriver.java:344)
	at com.yourcompany.SampleSauceTest.loginTest(SampleSauceTest.java:176)
	at sun.reflect.NativeMethodAccessorImpl.invoke0(Native Method)
	at sun.reflect.NativeMethodAccessorImpl.invoke(NativeMethodAccessorImpl.java:62)
	at sun.reflect.DelegatingMethodAccessorImpl.invoke(DelegatingMethodAccessorImpl.java:43)
	at java.lang.reflect.Method.invoke(Method.java:497)
	at org.junit.runners.model.FrameworkMethod$1.runReflectiveCall(FrameworkMethod.java:47)
	at org.junit.internal.runners.model.ReflectiveCallable.run(ReflectiveCallable.java:12)
	at org.junit.runners.model.FrameworkMethod.invokeExplosively(FrameworkMethod.java:44)
	at org.junit.internal.runners.statements.InvokeMethod.evaluate(InvokeMethod.java:17)
	at org.junit.internal.runners.statements.RunBefores.evaluate(RunBefores.java:26)
	at org.junit.internal.runners.statements.RunAfters.evaluate(RunAfters.java:27)
	at org.junit.rules.TestWatcher$1.evaluate(TestWatcher.java:55)
	at org.junit.rules.RunRules.evaluate(RunRules.java:20)
	at org.junit.runners.ParentRunner.runLeaf(ParentRunner.java:271)
	at org.junit.runners.BlockJUnit4ClassRunner.runChild(BlockJUnit4ClassRunner.java:70)
	at com.saucelabs.junit.ConcurrentParameterized$SauceClassRunnerForParameters.access$300(ConcurrentParameterized.java:170)
	at com.saucelabs.junit.ConcurrentParameterized$SauceClassRunnerForParameters$2.run(ConcurrentParameterized.java:287)
	at com.saucelabs.junit.ConcurrentParameterized$NonBlockingAsynchronousRunner$1.call(ConcurrentParameterized.java:312)
	at java.util.concurrent.FutureTask.run(FutureTask.java:266)
	at java.util.concurrent.ThreadPoolExecutor.runWorker(ThreadPoolExecutor.java:1142)
	at java.util.concurrent.ThreadPoolExecutor$Worker.run(ThreadPoolExecutor.java:617)
	at java.lang.Thread.run(Thread.java:745)
</error>
    <system-out>SauceOnDemandSessionID=16e456ec3c344cfa909e8b52182f5c07 job-name=com.yourcompany.SampleSauceTest.loginTest[9]
Job link: https://saucelabs.com/jobs/16e456ec3c344cfa909e8b52182f5c07?auth=4b4410f0257b06e3da73a86b888cef9c
</system-out>
  </testcase>
  <testcase classname="com.yourcompany.SampleSauceTest" name="loginTest[5]" time="0.001">
    <error message="&lt;!DOCTYPE html PUBLIC &quot;-//W3C//DTD HTML 4.01//EN&quot; &quot;http://www.w3.org/TR/html4/strict.dtd&quot;&gt;&lt;html&gt;&lt;head&gt;&lt;meta http-equiv=&quot;Content-Type&quot; content=&quot;text/html; charset=utf-8&quot;&gt;&lt;title&gt;ERROR: The requested URL could not be retrieved&lt;/title&gt;&lt;style type=&quot;text/css&quot;&gt;&lt;!--  Internal Error: Missing Template MGR_INDEXbody:lang(fa) { direction: rtl; font-size: 100%; font-family: Tahoma, Roya, sans-serif; float: right; }:lang(he) { direction: rtl; } --&gt;&lt;/style&gt;&lt;meta http-equiv=&quot;refresh&quot; content=&quot;0; url=http://www.flyfi.com/global/errors/no-coverage.htm&quot;/&gt;&lt;style type=&quot;text/css&quot;&gt;&lt;!-- html body {font-size: 0pt; color: #ffffff; background: #ffffff;} hr { display: none; } #titles { background: #ffffff; color: #ffffff; } h1 { font-size: 0pt; color: #ffffff; } h2 { font-size: 0pt; color: #ffffff; } #footer { font-size: 0pt; color: #ffffff; } a { color: #ffffff; font-size: 0pt; } p { color: #ffffff; font-size: 0pt; } --&gt;&lt;/style&gt;&lt;/head&gt;&lt;body id=ERR_READ_ERROR&gt;&lt;div id=&quot;titles&quot;&gt;&lt;h1&gt;ERROR&lt;/h1&gt;&lt;h2&gt;The requested URL could not be retrieved&lt;/h2&gt;&lt;/div&gt;&lt;hr&gt;&lt;div id=&quot;content&quot;&gt;&lt;p&gt;The following error was encountered while trying to retrieve the URL: &lt;a href=&quot;http://ondemand.saucelabs.com/wd/hub/session/93e3fd41fc3a4c4ea51119859064ced5/element/1/click&quot;&gt;http://ondemand.saucelabs.com/wd/hub/session/93e3fd41fc3a4c4ea51119859064ced5/element/1/click&lt;/a&gt;&lt;/p&gt;&lt;blockquote id=&quot;error&quot;&gt;&lt;p&gt;&lt;b&gt;Read Error&lt;/b&gt;&lt;/p&gt;&lt;/blockquote&gt;&lt;p id=&quot;sysmsg&quot;&gt;The system returned: &lt;i&gt;(104) Connection reset by peer&lt;/i&gt;&lt;/p&gt;&lt;p&gt;An error condition occurred while reading data from the network. Please retry your request.&lt;/p&gt;&lt;p&gt;Your cache administrator is &lt;a href=&quot;mailto:webmaster?subject=CacheErrorInfo%20-%20ERR_READ_ERROR&amp;amp;body=CacheHost%3A%203%0D%0AErrPage%3A%20ERR_READ_ERROR%0D%0AErr%3A%20(104)%20Connection%20reset%20by%20peer%0D%0ATimeStamp%3A%20Tue,%2016%20Jun%202015%2023%3A19%3A14%20GMT%0D%0A%0D%0AClientIP%3A%20172.27.6.112%0D%0AServerIP%3A%20ondemand.saucelabs.com%0D%0A%0D%0AHTTP%20Request%3A%0D%0APOST%20%2Fwd%2Fhub%2Fsession%2F93e3fd41fc3a4c4ea51119859064ced5%2Felement%2F1%2Fclick%20HTTP%2F1.1%0AContent-Type%3A%20application%2Fjson%3B%20charset%3Dutf-8%0D%0AContent-Length%3A%2010%0D%0AHost%3A%20ondemand.saucelabs.com%3A80%0D%0AConnection%3A%20Keep-Alive%0D%0AUser-Agent%3A%20Apache-HttpClient%2F4.3.6%20(java%201.5)%0D%0AAccept-Encoding%3A%20gzip,deflate%0D%0A%0D%0A%0D%0A&quot;&gt;webmaster&lt;/a&gt;.&lt;/p&gt;&lt;br&gt;&lt;/div&gt;&lt;hr&gt;&lt;div id=&quot;footer&quot;&gt;&lt;p&gt;Generated Tue, 16 Jun 2015 23:19:14 GMT by 3 (squid)&lt;/p&gt;&lt;!-- ERR_READ_ERROR --&gt;&lt;/div&gt;&lt;/body&gt;&lt;/html&gt;
Command duration or timeout: 5.94 seconds
Build info: version: &apos;2.45.0&apos;, revision: &apos;5017cb8e7ca8e37638dc3091b2440b90a1d8686f&apos;, time: &apos;2015-02-27 09:10:26&apos;
System info: host: &apos;kristians-MacBook-Air.local&apos;, ip: &apos;172.27.6.112&apos;, os.name: &apos;Mac OS X&apos;, os.arch: &apos;x86_64&apos;, os.version: &apos;10.10.3&apos;, java.version: &apos;1.8.0_40&apos;
Driver info: org.openqa.selenium.remote.RemoteWebDriver
Capabilities [{webdriver.remote.sessionid=93e3fd41fc3a4c4ea51119859064ced5, takesScreenshot=true, browserName=safari, javascriptEnabled=true, hasMetadata=true, version=8.0, cssSelectorsEnabled=true, platform=MAC, secureSsl=true}]
Session ID: 93e3fd41fc3a4c4ea51119859064ced5" type="org.openqa.selenium.WebDriverException">org.openqa.selenium.WebDriverException: &lt;!DOCTYPE html PUBLIC &quot;-//W3C//DTD HTML 4.01//EN&quot; &quot;http://www.w3.org/TR/html4/strict.dtd&quot;&gt;&lt;html&gt;&lt;head&gt;&lt;meta http-equiv=&quot;Content-Type&quot; content=&quot;text/html; charset=utf-8&quot;&gt;&lt;title&gt;ERROR: The requested URL could not be retrieved&lt;/title&gt;&lt;style type=&quot;text/css&quot;&gt;&lt;!--  Internal Error: Missing Template MGR_INDEXbody:lang(fa) { direction: rtl; font-size: 100%; font-family: Tahoma, Roya, sans-serif; float: right; }:lang(he) { direction: rtl; } --&gt;&lt;/style&gt;&lt;meta http-equiv=&quot;refresh&quot; content=&quot;0; url=http://www.flyfi.com/global/errors/no-coverage.htm&quot;/&gt;&lt;style type=&quot;text/css&quot;&gt;&lt;!-- html body {font-size: 0pt; color: #ffffff; background: #ffffff;} hr { display: none; } #titles { background: #ffffff; color: #ffffff; } h1 { font-size: 0pt; color: #ffffff; } h2 { font-size: 0pt; color: #ffffff; } #footer { font-size: 0pt; color: #ffffff; } a { color: #ffffff; font-size: 0pt; } p { color: #ffffff; font-size: 0pt; } --&gt;&lt;/style&gt;&lt;/head&gt;&lt;body id=ERR_READ_ERROR&gt;&lt;div id=&quot;titles&quot;&gt;&lt;h1&gt;ERROR&lt;/h1&gt;&lt;h2&gt;The requested URL could not be retrieved&lt;/h2&gt;&lt;/div&gt;&lt;hr&gt;&lt;div id=&quot;content&quot;&gt;&lt;p&gt;The following error was encountered while trying to retrieve the URL: &lt;a href=&quot;http://ondemand.saucelabs.com/wd/hub/session/93e3fd41fc3a4c4ea51119859064ced5/element/1/click&quot;&gt;http://ondemand.saucelabs.com/wd/hub/session/93e3fd41fc3a4c4ea51119859064ced5/element/1/click&lt;/a&gt;&lt;/p&gt;&lt;blockquote id=&quot;error&quot;&gt;&lt;p&gt;&lt;b&gt;Read Error&lt;/b&gt;&lt;/p&gt;&lt;/blockquote&gt;&lt;p id=&quot;sysmsg&quot;&gt;The system returned: &lt;i&gt;(104) Connection reset by peer&lt;/i&gt;&lt;/p&gt;&lt;p&gt;An error condition occurred while reading data from the network. Please retry your request.&lt;/p&gt;&lt;p&gt;Your cache administrator is &lt;a href=&quot;mailto:webmaster?subject=CacheErrorInfo%20-%20ERR_READ_ERROR&amp;amp;body=CacheHost%3A%203%0D%0AErrPage%3A%20ERR_READ_ERROR%0D%0AErr%3A%20(104)%20Connection%20reset%20by%20peer%0D%0ATimeStamp%3A%20Tue,%2016%20Jun%202015%2023%3A19%3A14%20GMT%0D%0A%0D%0AClientIP%3A%20172.27.6.112%0D%0AServerIP%3A%20ondemand.saucelabs.com%0D%0A%0D%0AHTTP%20Request%3A%0D%0APOST%20%2Fwd%2Fhub%2Fsession%2F93e3fd41fc3a4c4ea51119859064ced5%2Felement%2F1%2Fclick%20HTTP%2F1.1%0AContent-Type%3A%20application%2Fjson%3B%20charset%3Dutf-8%0D%0AContent-Length%3A%2010%0D%0AHost%3A%20ondemand.saucelabs.com%3A80%0D%0AConnection%3A%20Keep-Alive%0D%0AUser-Agent%3A%20Apache-HttpClient%2F4.3.6%20(java%201.5)%0D%0AAccept-Encoding%3A%20gzip,deflate%0D%0A%0D%0A%0D%0A&quot;&gt;webmaster&lt;/a&gt;.&lt;/p&gt;&lt;br&gt;&lt;/div&gt;&lt;hr&gt;&lt;div id=&quot;footer&quot;&gt;&lt;p&gt;Generated Tue, 16 Jun 2015 23:19:14 GMT by 3 (squid)&lt;/p&gt;&lt;!-- ERR_READ_ERROR --&gt;&lt;/div&gt;&lt;/body&gt;&lt;/html&gt;
Command duration or timeout: 5.94 seconds
Build info: version: &apos;2.45.0&apos;, revision: &apos;5017cb8e7ca8e37638dc3091b2440b90a1d8686f&apos;, time: &apos;2015-02-27 09:10:26&apos;
System info: host: &apos;kristians-MacBook-Air.local&apos;, ip: &apos;172.27.6.112&apos;, os.name: &apos;Mac OS X&apos;, os.arch: &apos;x86_64&apos;, os.version: &apos;10.10.3&apos;, java.version: &apos;1.8.0_40&apos;
Driver info: org.openqa.selenium.remote.RemoteWebDriver
Capabilities [{webdriver.remote.sessionid=93e3fd41fc3a4c4ea51119859064ced5, takesScreenshot=true, browserName=safari, javascriptEnabled=true, hasMetadata=true, version=8.0, cssSelectorsEnabled=true, platform=MAC, secureSsl=true}]
Session ID: 93e3fd41fc3a4c4ea51119859064ced5
	at sun.reflect.NativeConstructorAccessorImpl.newInstance0(Native Method)
	at sun.reflect.NativeConstructorAccessorImpl.newInstance(NativeConstructorAccessorImpl.java:62)
	at sun.reflect.DelegatingConstructorAccessorImpl.newInstance(DelegatingConstructorAccessorImpl.java:45)
	at java.lang.reflect.Constructor.newInstance(Constructor.java:422)
	at org.openqa.selenium.remote.ErrorHandler.createThrowable(ErrorHandler.java:204)
	at org.openqa.selenium.remote.ErrorHandler.throwIfResponseFailed(ErrorHandler.java:156)
	at org.openqa.selenium.remote.RemoteWebDriver.execute(RemoteWebDriver.java:599)
	at org.openqa.selenium.remote.RemoteWebElement.execute(RemoteWebElement.java:268)
	at org.openqa.selenium.remote.RemoteWebElement.click(RemoteWebElement.java:79)
	at com.yourcompany.SampleSauceTest.loginTest(SampleSauceTest.java:177)
	at sun.reflect.NativeMethodAccessorImpl.invoke0(Native Method)
	at sun.reflect.NativeMethodAccessorImpl.invoke(NativeMethodAccessorImpl.java:62)
	at sun.reflect.DelegatingMethodAccessorImpl.invoke(DelegatingMethodAccessorImpl.java:43)
	at java.lang.reflect.Method.invoke(Method.java:497)
	at org.junit.runners.model.FrameworkMethod$1.runReflectiveCall(FrameworkMethod.java:47)
	at org.junit.internal.runners.model.ReflectiveCallable.run(ReflectiveCallable.java:12)
	at org.junit.runners.model.FrameworkMethod.invokeExplosively(FrameworkMethod.java:44)
	at org.junit.internal.runners.statements.InvokeMethod.evaluate(InvokeMethod.java:17)
	at org.junit.internal.runners.statements.RunBefores.evaluate(RunBefores.java:26)
	at org.junit.internal.runners.statements.RunAfters.evaluate(RunAfters.java:27)
	at org.junit.rules.TestWatcher$1.evaluate(TestWatcher.java:55)
	at org.junit.rules.RunRules.evaluate(RunRules.java:20)
	at org.junit.runners.ParentRunner.runLeaf(ParentRunner.java:271)
	at org.junit.runners.BlockJUnit4ClassRunner.runChild(BlockJUnit4ClassRunner.java:70)
	at com.saucelabs.junit.ConcurrentParameterized$SauceClassRunnerForParameters.access$300(ConcurrentParameterized.java:170)
	at com.saucelabs.junit.ConcurrentParameterized$SauceClassRunnerForParameters$2.run(ConcurrentParameterized.java:287)
	at com.saucelabs.junit.ConcurrentParameterized$NonBlockingAsynchronousRunner$1.call(ConcurrentParameterized.java:312)
	at java.util.concurrent.FutureTask.run(FutureTask.java:266)
	at java.util.concurrent.ThreadPoolExecutor.runWorker(ThreadPoolExecutor.java:1142)
	at java.util.concurrent.ThreadPoolExecutor$Worker.run(ThreadPoolExecutor.java:617)
	at java.lang.Thread.run(Thread.java:745)
</error>
    <system-out>SauceOnDemandSessionID=93e3fd41fc3a4c4ea51119859064ced5 job-name=com.yourcompany.SampleSauceTest.loginTest[5]
Job link: https://saucelabs.com/jobs/93e3fd41fc3a4c4ea51119859064ced5?auth=3cc1406cc85cdf9d1258f6c08d3f4791
</system-out>
  </testcase>
  <testcase classname="com.yourcompany.SampleSauceTest" name="loginTest[4]" time="0.004">
    <error message="&lt;!DOCTYPE html PUBLIC &quot;-//W3C//DTD HTML 4.01//EN&quot; &quot;http://www.w3.org/TR/html4/strict.dtd&quot;&gt;&lt;html&gt;&lt;head&gt;&lt;meta http-equiv=&quot;Content-Type&quot; content=&quot;text/html; charset=utf-8&quot;&gt;&lt;title&gt;ERROR: The requested URL could not be retrieved&lt;/title&gt;&lt;style type=&quot;text/css&quot;&gt;&lt;!--  Internal Error: Missing Template MGR_INDEXbody:lang(fa) { direction: rtl; font-size: 100%; font-family: Tahoma, Roya, sans-serif; float: right; }:lang(he) { direction: rtl; } --&gt;&lt;/style&gt;&lt;meta http-equiv=&quot;refresh&quot; content=&quot;0; url=http://www.flyfi.com/global/errors/no-coverage.htm&quot;/&gt;&lt;style type=&quot;text/css&quot;&gt;&lt;!-- html body {font-size: 0pt; color: #ffffff; background: #ffffff;} hr { display: none; } #titles { background: #ffffff; color: #ffffff; } h1 { font-size: 0pt; color: #ffffff; } h2 { font-size: 0pt; color: #ffffff; } #footer { font-size: 0pt; color: #ffffff; } a { color: #ffffff; font-size: 0pt; } p { color: #ffffff; font-size: 0pt; } --&gt;&lt;/style&gt;&lt;/head&gt;&lt;body id=ERR_READ_ERROR&gt;&lt;div id=&quot;titles&quot;&gt;&lt;h1&gt;ERROR&lt;/h1&gt;&lt;h2&gt;The requested URL could not be retrieved&lt;/h2&gt;&lt;/div&gt;&lt;hr&gt;&lt;div id=&quot;content&quot;&gt;&lt;p&gt;The following error was encountered while trying to retrieve the URL: &lt;a href=&quot;http://ondemand.saucelabs.com/wd/hub/session/d5b0ea9d7b7d43719a0cfc979c9f2294&quot;&gt;http://ondemand.saucelabs.com/wd/hub/session/d5b0ea9d7b7d43719a0cfc979c9f2294&lt;/a&gt;&lt;/p&gt;&lt;blockquote id=&quot;error&quot;&gt;&lt;p&gt;&lt;b&gt;Read Error&lt;/b&gt;&lt;/p&gt;&lt;/blockquote&gt;&lt;p id=&quot;sysmsg&quot;&gt;The system returned: &lt;i&gt;(104) Connection reset by peer&lt;/i&gt;&lt;/p&gt;&lt;p&gt;An error condition occurred while reading data from the network. Please retry your request.&lt;/p&gt;&lt;p&gt;Your cache administrator is &lt;a href=&quot;mailto:webmaster?subject=CacheErrorInfo%20-%20ERR_READ_ERROR&amp;amp;body=CacheHost%3A%203%0D%0AErrPage%3A%20ERR_READ_ERROR%0D%0AErr%3A%20(104)%20Connection%20reset%20by%20peer%0D%0ATimeStamp%3A%20Tue,%2016%20Jun%202015%2023%3A19%3A14%20GMT%0D%0A%0D%0AClientIP%3A%20172.27.6.112%0D%0AServerIP%3A%20ondemand.saucelabs.com%0D%0A%0D%0AHTTP%20Request%3A%0D%0ADELETE%20%2Fwd%2Fhub%2Fsession%2Fd5b0ea9d7b7d43719a0cfc979c9f2294%20HTTP%2F1.1%0AHost%3A%20ondemand.saucelabs.com%3A80%0D%0AConnection%3A%20Keep-Alive%0D%0AUser-Agent%3A%20Apache-HttpClient%2F4.3.6%20(java%201.5)%0D%0AAccept-Encoding%3A%20gzip,deflate%0D%0A%0D%0A%0D%0A&quot;&gt;webmaster&lt;/a&gt;.&lt;/p&gt;&lt;br&gt;&lt;/div&gt;&lt;hr&gt;&lt;div id=&quot;footer&quot;&gt;&lt;p&gt;Generated Tue, 16 Jun 2015 23:19:14 GMT by 3 (squid)&lt;/p&gt;&lt;!-- ERR_READ_ERROR --&gt;&lt;/div&gt;&lt;/body&gt;&lt;/html&gt;
Command duration or timeout: 5.86 seconds
Build info: version: &apos;2.45.0&apos;, revision: &apos;5017cb8e7ca8e37638dc3091b2440b90a1d8686f&apos;, time: &apos;2015-02-27 09:10:26&apos;
System info: host: &apos;kristians-MacBook-Air.local&apos;, ip: &apos;172.27.6.112&apos;, os.name: &apos;Mac OS X&apos;, os.arch: &apos;x86_64&apos;, os.version: &apos;10.10.3&apos;, java.version: &apos;1.8.0_40&apos;
Driver info: org.openqa.selenium.remote.RemoteWebDriver
Capabilities [{webdriver.remote.sessionid=d5b0ea9d7b7d43719a0cfc979c9f2294, takesScreenshot=true, browserName=safari, javascriptEnabled=true, hasMetadata=true, version=6.0.5, cssSelectorsEnabled=true, platform=MAC, secureSsl=true}]
Session ID: d5b0ea9d7b7d43719a0cfc979c9f2294" type="org.openqa.selenium.WebDriverException">org.openqa.selenium.WebDriverException: &lt;!DOCTYPE html PUBLIC &quot;-//W3C//DTD HTML 4.01//EN&quot; &quot;http://www.w3.org/TR/html4/strict.dtd&quot;&gt;&lt;html&gt;&lt;head&gt;&lt;meta http-equiv=&quot;Content-Type&quot; content=&quot;text/html; charset=utf-8&quot;&gt;&lt;title&gt;ERROR: The requested URL could not be retrieved&lt;/title&gt;&lt;style type=&quot;text/css&quot;&gt;&lt;!--  Internal Error: Missing Template MGR_INDEXbody:lang(fa) { direction: rtl; font-size: 100%; font-family: Tahoma, Roya, sans-serif; float: right; }:lang(he) { direction: rtl; } --&gt;&lt;/style&gt;&lt;meta http-equiv=&quot;refresh&quot; content=&quot;0; url=http://www.flyfi.com/global/errors/no-coverage.htm&quot;/&gt;&lt;style type=&quot;text/css&quot;&gt;&lt;!-- html body {font-size: 0pt; color: #ffffff; background: #ffffff;} hr { display: none; } #titles { background: #ffffff; color: #ffffff; } h1 { font-size: 0pt; color: #ffffff; } h2 { font-size: 0pt; color: #ffffff; } #footer { font-size: 0pt; color: #ffffff; } a { color: #ffffff; font-size: 0pt; } p { color: #ffffff; font-size: 0pt; } --&gt;&lt;/style&gt;&lt;/head&gt;&lt;body id=ERR_READ_ERROR&gt;&lt;div id=&quot;titles&quot;&gt;&lt;h1&gt;ERROR&lt;/h1&gt;&lt;h2&gt;The requested URL could not be retrieved&lt;/h2&gt;&lt;/div&gt;&lt;hr&gt;&lt;div id=&quot;content&quot;&gt;&lt;p&gt;The following error was encountered while trying to retrieve the URL: &lt;a href=&quot;http://ondemand.saucelabs.com/wd/hub/session/d5b0ea9d7b7d43719a0cfc979c9f2294&quot;&gt;http://ondemand.saucelabs.com/wd/hub/session/d5b0ea9d7b7d43719a0cfc979c9f2294&lt;/a&gt;&lt;/p&gt;&lt;blockquote id=&quot;error&quot;&gt;&lt;p&gt;&lt;b&gt;Read Error&lt;/b&gt;&lt;/p&gt;&lt;/blockquote&gt;&lt;p id=&quot;sysmsg&quot;&gt;The system returned: &lt;i&gt;(104) Connection reset by peer&lt;/i&gt;&lt;/p&gt;&lt;p&gt;An error condition occurred while reading data from the network. Please retry your request.&lt;/p&gt;&lt;p&gt;Your cache administrator is &lt;a href=&quot;mailto:webmaster?subject=CacheErrorInfo%20-%20ERR_READ_ERROR&amp;amp;body=CacheHost%3A%203%0D%0AErrPage%3A%20ERR_READ_ERROR%0D%0AErr%3A%20(104)%20Connection%20reset%20by%20peer%0D%0ATimeStamp%3A%20Tue,%2016%20Jun%202015%2023%3A19%3A14%20GMT%0D%0A%0D%0AClientIP%3A%20172.27.6.112%0D%0AServerIP%3A%20ondemand.saucelabs.com%0D%0A%0D%0AHTTP%20Request%3A%0D%0ADELETE%20%2Fwd%2Fhub%2Fsession%2Fd5b0ea9d7b7d43719a0cfc979c9f2294%20HTTP%2F1.1%0AHost%3A%20ondemand.saucelabs.com%3A80%0D%0AConnection%3A%20Keep-Alive%0D%0AUser-Agent%3A%20Apache-HttpClient%2F4.3.6%20(java%201.5)%0D%0AAccept-Encoding%3A%20gzip,deflate%0D%0A%0D%0A%0D%0A&quot;&gt;webmaster&lt;/a&gt;.&lt;/p&gt;&lt;br&gt;&lt;/div&gt;&lt;hr&gt;&lt;div id=&quot;footer&quot;&gt;&lt;p&gt;Generated Tue, 16 Jun 2015 23:19:14 GMT by 3 (squid)&lt;/p&gt;&lt;!-- ERR_READ_ERROR --&gt;&lt;/div&gt;&lt;/body&gt;&lt;/html&gt;
Command duration or timeout: 5.86 seconds
Build info: version: &apos;2.45.0&apos;, revision: &apos;5017cb8e7ca8e37638dc3091b2440b90a1d8686f&apos;, time: &apos;2015-02-27 09:10:26&apos;
System info: host: &apos;kristians-MacBook-Air.local&apos;, ip: &apos;172.27.6.112&apos;, os.name: &apos;Mac OS X&apos;, os.arch: &apos;x86_64&apos;, os.version: &apos;10.10.3&apos;, java.version: &apos;1.8.0_40&apos;
Driver info: org.openqa.selenium.remote.RemoteWebDriver
Capabilities [{webdriver.remote.sessionid=d5b0ea9d7b7d43719a0cfc979c9f2294, takesScreenshot=true, browserName=safari, javascriptEnabled=true, hasMetadata=true, version=6.0.5, cssSelectorsEnabled=true, platform=MAC, secureSsl=true}]
Session ID: d5b0ea9d7b7d43719a0cfc979c9f2294
	at sun.reflect.NativeConstructorAccessorImpl.newInstance0(Native Method)
	at sun.reflect.NativeConstructorAccessorImpl.newInstance(NativeConstructorAccessorImpl.java:62)
	at sun.reflect.DelegatingConstructorAccessorImpl.newInstance(DelegatingConstructorAccessorImpl.java:45)
	at java.lang.reflect.Constructor.newInstance(Constructor.java:422)
	at org.openqa.selenium.remote.ErrorHandler.createThrowable(ErrorHandler.java:204)
	at org.openqa.selenium.remote.ErrorHandler.throwIfResponseFailed(ErrorHandler.java:156)
	at org.openqa.selenium.remote.RemoteWebDriver.execute(RemoteWebDriver.java:599)
	at org.openqa.selenium.remote.RemoteWebDriver.execute(RemoteWebDriver.java:622)
	at org.openqa.selenium.remote.RemoteWebDriver.quit(RemoteWebDriver.java:468)
	at com.yourcompany.SampleSauceTest.tearDown(SampleSauceTest.java:192)
	at sun.reflect.NativeMethodAccessorImpl.invoke0(Native Method)
	at sun.reflect.NativeMethodAccessorImpl.invoke(NativeMethodAccessorImpl.java:62)
	at sun.reflect.DelegatingMethodAccessorImpl.invoke(DelegatingMethodAccessorImpl.java:43)
	at java.lang.reflect.Method.invoke(Method.java:497)
	at org.junit.runners.model.FrameworkMethod$1.runReflectiveCall(FrameworkMethod.java:47)
	at org.junit.internal.runners.model.ReflectiveCallable.run(ReflectiveCallable.java:12)
	at org.junit.runners.model.FrameworkMethod.invokeExplosively(FrameworkMethod.java:44)
	at org.junit.internal.runners.statements.RunAfters.evaluate(RunAfters.java:33)
	at org.junit.rules.TestWatcher$1.evaluate(TestWatcher.java:55)
	at org.junit.rules.RunRules.evaluate(RunRules.java:20)
	at org.junit.runners.ParentRunner.runLeaf(ParentRunner.java:271)
	at org.junit.runners.BlockJUnit4ClassRunner.runChild(BlockJUnit4ClassRunner.java:70)
	at com.saucelabs.junit.ConcurrentParameterized$SauceClassRunnerForParameters.access$300(ConcurrentParameterized.java:170)
	at com.saucelabs.junit.ConcurrentParameterized$SauceClassRunnerForParameters$2.run(ConcurrentParameterized.java:287)
	at com.saucelabs.junit.ConcurrentParameterized$NonBlockingAsynchronousRunner$1.call(ConcurrentParameterized.java:312)
	at java.util.concurrent.FutureTask.run(FutureTask.java:266)
	at java.util.concurrent.ThreadPoolExecutor.runWorker(ThreadPoolExecutor.java:1142)
	at java.util.concurrent.ThreadPoolExecutor$Worker.run(ThreadPoolExecutor.java:617)
	at java.lang.Thread.run(Thread.java:745)
</error>
    <system-out>SauceOnDemandSessionID=d5b0ea9d7b7d43719a0cfc979c9f2294 job-name=com.yourcompany.SampleSauceTest.loginTest[4]
Job link: https://saucelabs.com/jobs/d5b0ea9d7b7d43719a0cfc979c9f2294?auth=8ad0840f3dd3f66cbdd8ba64805e10ff
</system-out>
  </testcase>
  <testcase classname="com.yourcompany.SampleSauceTest" name="loginTest[3]" time="0.003">
    <error message="&lt;!DOCTYPE html PUBLIC &quot;-//W3C//DTD HTML 4.01//EN&quot; &quot;http://www.w3.org/TR/html4/strict.dtd&quot;&gt;&lt;html&gt;&lt;head&gt;&lt;meta http-equiv=&quot;Content-Type&quot; content=&quot;text/html; charset=utf-8&quot;&gt;&lt;title&gt;ERROR: The requested URL could not be retrieved&lt;/title&gt;&lt;style type=&quot;text/css&quot;&gt;&lt;!--  Internal Error: Missing Template MGR_INDEXbody:lang(fa) { direction: rtl; font-size: 100%; font-family: Tahoma, Roya, sans-serif; float: right; }:lang(he) { direction: rtl; } --&gt;&lt;/style&gt;&lt;meta http-equiv=&quot;refresh&quot; content=&quot;0; url=http://www.flyfi.com/global/errors/no-coverage.htm&quot;/&gt;&lt;style type=&quot;text/css&quot;&gt;&lt;!-- html body {font-size: 0pt; color: #ffffff; background: #ffffff;} hr { display: none; } #titles { background: #ffffff; color: #ffffff; } h1 { font-size: 0pt; color: #ffffff; } h2 { font-size: 0pt; color: #ffffff; } #footer { font-size: 0pt; color: #ffffff; } a { color: #ffffff; font-size: 0pt; } p { color: #ffffff; font-size: 0pt; } --&gt;&lt;/style&gt;&lt;/head&gt;&lt;body id=ERR_READ_ERROR&gt;&lt;div id=&quot;titles&quot;&gt;&lt;h1&gt;ERROR&lt;/h1&gt;&lt;h2&gt;The requested URL could not be retrieved&lt;/h2&gt;&lt;/div&gt;&lt;hr&gt;&lt;div id=&quot;content&quot;&gt;&lt;p&gt;The following error was encountered while trying to retrieve the URL: &lt;a href=&quot;http://ondemand.saucelabs.com/wd/hub/session/d5534b914eac451ebdbed998ea078ac4/element&quot;&gt;http://ondemand.saucelabs.com/wd/hub/session/d5534b914eac451ebdbed998ea078ac4/element&lt;/a&gt;&lt;/p&gt;&lt;blockquote id=&quot;error&quot;&gt;&lt;p&gt;&lt;b&gt;Read Error&lt;/b&gt;&lt;/p&gt;&lt;/blockquote&gt;&lt;p id=&quot;sysmsg&quot;&gt;The system returned: &lt;i&gt;(104) Connection reset by peer&lt;/i&gt;&lt;/p&gt;&lt;p&gt;An error condition occurred while reading data from the network. Please retry your request.&lt;/p&gt;&lt;p&gt;Your cache administrator is &lt;a href=&quot;mailto:webmaster?subject=CacheErrorInfo%20-%20ERR_READ_ERROR&amp;amp;body=CacheHost%3A%203%0D%0AErrPage%3A%20ERR_READ_ERROR%0D%0AErr%3A%20(104)%20Connection%20reset%20by%20peer%0D%0ATimeStamp%3A%20Tue,%2016%20Jun%202015%2023%3A19%3A11%20GMT%0D%0A%0D%0AClientIP%3A%20172.27.6.112%0D%0AServerIP%3A%20ondemand.saucelabs.com%0D%0A%0D%0AHTTP%20Request%3A%0D%0APOST%20%2Fwd%2Fhub%2Fsession%2Fd5534b914eac451ebdbed998ea078ac4%2Felement%20HTTP%2F1.1%0AContent-Type%3A%20application%2Fjson%3B%20charset%3Dutf-8%0D%0AContent-Length%3A%20121%0D%0AHost%3A%20ondemand.saucelabs.com%3A80%0D%0AConnection%3A%20Keep-Alive%0D%0AUser-Agent%3A%20Apache-HttpClient%2F4.3.6%20(java%201.5)%0D%0AAccept-Encoding%3A%20gzip,deflate%0D%0A%0D%0A%0D%0A&quot;&gt;webmaster&lt;/a&gt;.&lt;/p&gt;&lt;br&gt;&lt;/div&gt;&lt;hr&gt;&lt;div id=&quot;footer&quot;&gt;&lt;p&gt;Generated Tue, 16 Jun 2015 23:19:11 GMT by 3 (squid)&lt;/p&gt;&lt;!-- ERR_READ_ERROR --&gt;&lt;/div&gt;&lt;/body&gt;&lt;/html&gt;
Command duration or timeout: 5.80 seconds
Build info: version: &apos;2.45.0&apos;, revision: &apos;5017cb8e7ca8e37638dc3091b2440b90a1d8686f&apos;, time: &apos;2015-02-27 09:10:26&apos;
System info: host: &apos;kristians-MacBook-Air.local&apos;, ip: &apos;172.27.6.112&apos;, os.name: &apos;Mac OS X&apos;, os.arch: &apos;x86_64&apos;, os.version: &apos;10.10.3&apos;, java.version: &apos;1.8.0_40&apos;
Driver info: org.openqa.selenium.remote.RemoteWebDriver
Capabilities [{applicationCacheEnabled=true, rotatable=false, hasMetadata=true, databaseEnabled=true, handlesAlerts=true, version=36.0, platform=WINDOWS, nativeEvents=false, acceptSslCerts=true, webdriver.remote.sessionid=d5534b914eac451ebdbed998ea078ac4, locationContextEnabled=true, webStorageEnabled=true, takesScreenshot=true, browserName=firefox, javascriptEnabled=true, cssSelectorsEnabled=true}]
Session ID: d5534b914eac451ebdbed998ea078ac4
*** Element info: {Using=xpath, value=//div[@class=&apos;xdeals-container&apos;]//a[.=&apos;Search Express Deals®&apos;]}" type="org.openqa.selenium.WebDriverException">org.openqa.selenium.WebDriverException: &lt;!DOCTYPE html PUBLIC &quot;-//W3C//DTD HTML 4.01//EN&quot; &quot;http://www.w3.org/TR/html4/strict.dtd&quot;&gt;&lt;html&gt;&lt;head&gt;&lt;meta http-equiv=&quot;Content-Type&quot; content=&quot;text/html; charset=utf-8&quot;&gt;&lt;title&gt;ERROR: The requested URL could not be retrieved&lt;/title&gt;&lt;style type=&quot;text/css&quot;&gt;&lt;!--  Internal Error: Missing Template MGR_INDEXbody:lang(fa) { direction: rtl; font-size: 100%; font-family: Tahoma, Roya, sans-serif; float: right; }:lang(he) { direction: rtl; } --&gt;&lt;/style&gt;&lt;meta http-equiv=&quot;refresh&quot; content=&quot;0; url=http://www.flyfi.com/global/errors/no-coverage.htm&quot;/&gt;&lt;style type=&quot;text/css&quot;&gt;&lt;!-- html body {font-size: 0pt; color: #ffffff; background: #ffffff;} hr { display: none; } #titles { background: #ffffff; color: #ffffff; } h1 { font-size: 0pt; color: #ffffff; } h2 { font-size: 0pt; color: #ffffff; } #footer { font-size: 0pt; color: #ffffff; } a { color: #ffffff; font-size: 0pt; } p { color: #ffffff; font-size: 0pt; } --&gt;&lt;/style&gt;&lt;/head&gt;&lt;body id=ERR_READ_ERROR&gt;&lt;div id=&quot;titles&quot;&gt;&lt;h1&gt;ERROR&lt;/h1&gt;&lt;h2&gt;The requested URL could not be retrieved&lt;/h2&gt;&lt;/div&gt;&lt;hr&gt;&lt;div id=&quot;content&quot;&gt;&lt;p&gt;The following error was encountered while trying to retrieve the URL: &lt;a href=&quot;http://ondemand.saucelabs.com/wd/hub/session/d5534b914eac451ebdbed998ea078ac4/element&quot;&gt;http://ondemand.saucelabs.com/wd/hub/session/d5534b914eac451ebdbed998ea078ac4/element&lt;/a&gt;&lt;/p&gt;&lt;blockquote id=&quot;error&quot;&gt;&lt;p&gt;&lt;b&gt;Read Error&lt;/b&gt;&lt;/p&gt;&lt;/blockquote&gt;&lt;p id=&quot;sysmsg&quot;&gt;The system returned: &lt;i&gt;(104) Connection reset by peer&lt;/i&gt;&lt;/p&gt;&lt;p&gt;An error condition occurred while reading data from the network. Please retry your request.&lt;/p&gt;&lt;p&gt;Your cache administrator is &lt;a href=&quot;mailto:webmaster?subject=CacheErrorInfo%20-%20ERR_READ_ERROR&amp;amp;body=CacheHost%3A%203%0D%0AErrPage%3A%20ERR_READ_ERROR%0D%0AErr%3A%20(104)%20Connection%20reset%20by%20peer%0D%0ATimeStamp%3A%20Tue,%2016%20Jun%202015%2023%3A19%3A11%20GMT%0D%0A%0D%0AClientIP%3A%20172.27.6.112%0D%0AServerIP%3A%20ondemand.saucelabs.com%0D%0A%0D%0AHTTP%20Request%3A%0D%0APOST%20%2Fwd%2Fhub%2Fsession%2Fd5534b914eac451ebdbed998ea078ac4%2Felement%20HTTP%2F1.1%0AContent-Type%3A%20application%2Fjson%3B%20charset%3Dutf-8%0D%0AContent-Length%3A%20121%0D%0AHost%3A%20ondemand.saucelabs.com%3A80%0D%0AConnection%3A%20Keep-Alive%0D%0AUser-Agent%3A%20Apache-HttpClient%2F4.3.6%20(java%201.5)%0D%0AAccept-Encoding%3A%20gzip,deflate%0D%0A%0D%0A%0D%0A&quot;&gt;webmaster&lt;/a&gt;.&lt;/p&gt;&lt;br&gt;&lt;/div&gt;&lt;hr&gt;&lt;div id=&quot;footer&quot;&gt;&lt;p&gt;Generated Tue, 16 Jun 2015 23:19:11 GMT by 3 (squid)&lt;/p&gt;&lt;!-- ERR_READ_ERROR --&gt;&lt;/div&gt;&lt;/body&gt;&lt;/html&gt;
Command duration or timeout: 5.80 seconds
Build info: version: &apos;2.45.0&apos;, revision: &apos;5017cb8e7ca8e37638dc3091b2440b90a1d8686f&apos;, time: &apos;2015-02-27 09:10:26&apos;
System info: host: &apos;kristians-MacBook-Air.local&apos;, ip: &apos;172.27.6.112&apos;, os.name: &apos;Mac OS X&apos;, os.arch: &apos;x86_64&apos;, os.version: &apos;10.10.3&apos;, java.version: &apos;1.8.0_40&apos;
Driver info: org.openqa.selenium.remote.RemoteWebDriver
Capabilities [{applicationCacheEnabled=true, rotatable=false, hasMetadata=true, databaseEnabled=true, handlesAlerts=true, version=36.0, platform=WINDOWS, nativeEvents=false, acceptSslCerts=true, webdriver.remote.sessionid=d5534b914eac451ebdbed998ea078ac4, locationContextEnabled=true, webStorageEnabled=true, takesScreenshot=true, browserName=firefox, javascriptEnabled=true, cssSelectorsEnabled=true}]
Session ID: d5534b914eac451ebdbed998ea078ac4
*** Element info: {Using=xpath, value=//div[@class=&apos;xdeals-container&apos;]//a[.=&apos;Search Express Deals®&apos;]}
	at sun.reflect.NativeConstructorAccessorImpl.newInstance0(Native Method)
	at sun.reflect.NativeConstructorAccessorImpl.newInstance(NativeConstructorAccessorImpl.java:62)
	at sun.reflect.DelegatingConstructorAccessorImpl.newInstance(DelegatingConstructorAccessorImpl.java:45)
	at java.lang.reflect.Constructor.newInstance(Constructor.java:422)
	at org.openqa.selenium.remote.ErrorHandler.createThrowable(ErrorHandler.java:204)
	at org.openqa.selenium.remote.ErrorHandler.throwIfResponseFailed(ErrorHandler.java:156)
	at org.openqa.selenium.remote.RemoteWebDriver.execute(RemoteWebDriver.java:599)
	at org.openqa.selenium.remote.RemoteWebDriver.findElement(RemoteWebDriver.java:352)
	at org.openqa.selenium.remote.RemoteWebDriver.findElementByXPath(RemoteWebDriver.java:449)
	at org.openqa.selenium.By$ByXPath.findElement(By.java:357)
	at org.openqa.selenium.remote.RemoteWebDriver.findElement(RemoteWebDriver.java:344)
	at com.yourcompany.SampleSauceTest.loginTest(SampleSauceTest.java:176)
	at sun.reflect.NativeMethodAccessorImpl.invoke0(Native Method)
	at sun.reflect.NativeMethodAccessorImpl.invoke(NativeMethodAccessorImpl.java:62)
	at sun.reflect.DelegatingMethodAccessorImpl.invoke(DelegatingMethodAccessorImpl.java:43)
	at java.lang.reflect.Method.invoke(Method.java:497)
	at org.junit.runners.model.FrameworkMethod$1.runReflectiveCall(FrameworkMethod.java:47)
	at org.junit.internal.runners.model.ReflectiveCallable.run(ReflectiveCallable.java:12)
	at org.junit.runners.model.FrameworkMethod.invokeExplosively(FrameworkMethod.java:44)
	at org.junit.internal.runners.statements.InvokeMethod.evaluate(InvokeMethod.java:17)
	at org.junit.internal.runners.statements.RunBefores.evaluate(RunBefores.java:26)
	at org.junit.internal.runners.statements.RunAfters.evaluate(RunAfters.java:27)
	at org.junit.rules.TestWatcher$1.evaluate(TestWatcher.java:55)
	at org.junit.rules.RunRules.evaluate(RunRules.java:20)
	at org.junit.runners.ParentRunner.runLeaf(ParentRunner.java:271)
	at org.junit.runners.BlockJUnit4ClassRunner.runChild(BlockJUnit4ClassRunner.java:70)
	at com.saucelabs.junit.ConcurrentParameterized$SauceClassRunnerForParameters.access$300(ConcurrentParameterized.java:170)
	at com.saucelabs.junit.ConcurrentParameterized$SauceClassRunnerForParameters$2.run(ConcurrentParameterized.java:287)
	at com.saucelabs.junit.ConcurrentParameterized$NonBlockingAsynchronousRunner$1.call(ConcurrentParameterized.java:312)
	at java.util.concurrent.FutureTask.run(FutureTask.java:266)
	at java.util.concurrent.ThreadPoolExecutor.runWorker(ThreadPoolExecutor.java:1142)
	at java.util.concurrent.ThreadPoolExecutor$Worker.run(ThreadPoolExecutor.java:617)
	at java.lang.Thread.run(Thread.java:745)
</error>
    <system-out>SauceOnDemandSessionID=d5534b914eac451ebdbed998ea078ac4 job-name=com.yourcompany.SampleSauceTest.loginTest[3]
Job link: https://saucelabs.com/jobs/d5534b914eac451ebdbed998ea078ac4?auth=69c6a1e2b9a43e6e65ea44dc65362db2
</system-out>
  </testcase>
  <testcase classname="com.yourcompany.SampleSauceTest" name="loginTest[1]" time="0.005">
    <error message="&lt;!DOCTYPE html PUBLIC &quot;-//W3C//DTD HTML 4.01//EN&quot; &quot;http://www.w3.org/TR/html4/strict.dtd&quot;&gt;&lt;html&gt;&lt;head&gt;&lt;meta http-equiv=&quot;Content-Type&quot; content=&quot;text/html; charset=utf-8&quot;&gt;&lt;title&gt;ERROR: The requested URL could not be retrieved&lt;/title&gt;&lt;style type=&quot;text/css&quot;&gt;&lt;!--  Internal Error: Missing Template MGR_INDEXbody:lang(fa) { direction: rtl; font-size: 100%; font-family: Tahoma, Roya, sans-serif; float: right; }:lang(he) { direction: rtl; } --&gt;&lt;/style&gt;&lt;meta http-equiv=&quot;refresh&quot; content=&quot;0; url=http://www.flyfi.com/global/errors/no-coverage.htm&quot;/&gt;&lt;style type=&quot;text/css&quot;&gt;&lt;!-- html body {font-size: 0pt; color: #ffffff; background: #ffffff;} hr { display: none; } #titles { background: #ffffff; color: #ffffff; } h1 { font-size: 0pt; color: #ffffff; } h2 { font-size: 0pt; color: #ffffff; } #footer { font-size: 0pt; color: #ffffff; } a { color: #ffffff; font-size: 0pt; } p { color: #ffffff; font-size: 0pt; } --&gt;&lt;/style&gt;&lt;/head&gt;&lt;body id=ERR_READ_ERROR&gt;&lt;div id=&quot;titles&quot;&gt;&lt;h1&gt;ERROR&lt;/h1&gt;&lt;h2&gt;The requested URL could not be retrieved&lt;/h2&gt;&lt;/div&gt;&lt;hr&gt;&lt;div id=&quot;content&quot;&gt;&lt;p&gt;The following error was encountered while trying to retrieve the URL: &lt;a href=&quot;http://ondemand.saucelabs.com/wd/hub/session/bf0325a1e17e496caed91f7dc6ed9d1d/element/0/click&quot;&gt;http://ondemand.saucelabs.com/wd/hub/session/bf0325a1e17e496caed91f7dc6ed9d1d/element/0/click&lt;/a&gt;&lt;/p&gt;&lt;blockquote id=&quot;error&quot;&gt;&lt;p&gt;&lt;b&gt;Read Error&lt;/b&gt;&lt;/p&gt;&lt;/blockquote&gt;&lt;p id=&quot;sysmsg&quot;&gt;The system returned: &lt;i&gt;(104) Connection reset by peer&lt;/i&gt;&lt;/p&gt;&lt;p&gt;An error condition occurred while reading data from the network. Please retry your request.&lt;/p&gt;&lt;p&gt;Your cache administrator is &lt;a href=&quot;mailto:webmaster?subject=CacheErrorInfo%20-%20ERR_READ_ERROR&amp;amp;body=CacheHost%3A%203%0D%0AErrPage%3A%20ERR_READ_ERROR%0D%0AErr%3A%20(104)%20Connection%20reset%20by%20peer%0D%0ATimeStamp%3A%20Tue,%2016%20Jun%202015%2023%3A19%3A28%20GMT%0D%0A%0D%0AClientIP%3A%20172.27.6.112%0D%0AServerIP%3A%20ondemand.saucelabs.com%0D%0A%0D%0AHTTP%20Request%3A%0D%0APOST%20%2Fwd%2Fhub%2Fsession%2Fbf0325a1e17e496caed91f7dc6ed9d1d%2Felement%2F0%2Fclick%20HTTP%2F1.1%0AContent-Type%3A%20application%2Fjson%3B%20charset%3Dutf-8%0D%0AContent-Length%3A%2010%0D%0AHost%3A%20ondemand.saucelabs.com%3A80%0D%0AConnection%3A%20Keep-Alive%0D%0AUser-Agent%3A%20Apache-HttpClient%2F4.3.6%20(java%201.5)%0D%0AAccept-Encoding%3A%20gzip,deflate%0D%0A%0D%0A%0D%0A&quot;&gt;webmaster&lt;/a&gt;.&lt;/p&gt;&lt;br&gt;&lt;/div&gt;&lt;hr&gt;&lt;div id=&quot;footer&quot;&gt;&lt;p&gt;Generated Tue, 16 Jun 2015 23:19:28 GMT by 3 (squid)&lt;/p&gt;&lt;!-- ERR_READ_ERROR --&gt;&lt;/div&gt;&lt;/body&gt;&lt;/html&gt;
Command duration or timeout: 21.98 seconds
Build info: version: &apos;2.45.0&apos;, revision: &apos;5017cb8e7ca8e37638dc3091b2440b90a1d8686f&apos;, time: &apos;2015-02-27 09:10:26&apos;
System info: host: &apos;kristians-MacBook-Air.local&apos;, ip: &apos;172.27.6.112&apos;, os.name: &apos;Mac OS X&apos;, os.arch: &apos;x86_64&apos;, os.version: &apos;10.10.3&apos;, java.version: &apos;1.8.0_40&apos;
Driver info: org.openqa.selenium.remote.RemoteWebDriver
Capabilities [{browserAttachTimeout=0, enablePersistentHover=true, ie.forceCreateProcessApi=false, ie.usePerProcessProxy=false, ignoreZoomSetting=false, hasMetadata=true, handlesAlerts=true, version=10, platform=WINDOWS, nativeEvents=true, ie.ensureCleanSession=false, elementScrollBehavior=0, webdriver.remote.sessionid=bf0325a1e17e496caed91f7dc6ed9d1d, ie.browserCommandLineSwitches=, requireWindowFocus=false, takesScreenshot=true, initialBrowserUrl=about:blank, browserName=internet explorer, javascriptEnabled=true, ignoreProtectedModeSettings=false, enableElementCacheCleanup=true, cssSelectorsEnabled=true, unexpectedAlertBehaviour=dismiss}]
Session ID: bf0325a1e17e496caed91f7dc6ed9d1d" type="org.openqa.selenium.WebDriverException">org.openqa.selenium.WebDriverException: &lt;!DOCTYPE html PUBLIC &quot;-//W3C//DTD HTML 4.01//EN&quot; &quot;http://www.w3.org/TR/html4/strict.dtd&quot;&gt;&lt;html&gt;&lt;head&gt;&lt;meta http-equiv=&quot;Content-Type&quot; content=&quot;text/html; charset=utf-8&quot;&gt;&lt;title&gt;ERROR: The requested URL could not be retrieved&lt;/title&gt;&lt;style type=&quot;text/css&quot;&gt;&lt;!--  Internal Error: Missing Template MGR_INDEXbody:lang(fa) { direction: rtl; font-size: 100%; font-family: Tahoma, Roya, sans-serif; float: right; }:lang(he) { direction: rtl; } --&gt;&lt;/style&gt;&lt;meta http-equiv=&quot;refresh&quot; content=&quot;0; url=http://www.flyfi.com/global/errors/no-coverage.htm&quot;/&gt;&lt;style type=&quot;text/css&quot;&gt;&lt;!-- html body {font-size: 0pt; color: #ffffff; background: #ffffff;} hr { display: none; } #titles { background: #ffffff; color: #ffffff; } h1 { font-size: 0pt; color: #ffffff; } h2 { font-size: 0pt; color: #ffffff; } #footer { font-size: 0pt; color: #ffffff; } a { color: #ffffff; font-size: 0pt; } p { color: #ffffff; font-size: 0pt; } --&gt;&lt;/style&gt;&lt;/head&gt;&lt;body id=ERR_READ_ERROR&gt;&lt;div id=&quot;titles&quot;&gt;&lt;h1&gt;ERROR&lt;/h1&gt;&lt;h2&gt;The requested URL could not be retrieved&lt;/h2&gt;&lt;/div&gt;&lt;hr&gt;&lt;div id=&quot;content&quot;&gt;&lt;p&gt;The following error was encountered while trying to retrieve the URL: &lt;a href=&quot;http://ondemand.saucelabs.com/wd/hub/session/bf0325a1e17e496caed91f7dc6ed9d1d/element/0/click&quot;&gt;http://ondemand.saucelabs.com/wd/hub/session/bf0325a1e17e496caed91f7dc6ed9d1d/element/0/click&lt;/a&gt;&lt;/p&gt;&lt;blockquote id=&quot;error&quot;&gt;&lt;p&gt;&lt;b&gt;Read Error&lt;/b&gt;&lt;/p&gt;&lt;/blockquote&gt;&lt;p id=&quot;sysmsg&quot;&gt;The system returned: &lt;i&gt;(104) Connection reset by peer&lt;/i&gt;&lt;/p&gt;&lt;p&gt;An error condition occurred while reading data from the network. Please retry your request.&lt;/p&gt;&lt;p&gt;Your cache administrator is &lt;a href=&quot;mailto:webmaster?subject=CacheErrorInfo%20-%20ERR_READ_ERROR&amp;amp;body=CacheHost%3A%203%0D%0AErrPage%3A%20ERR_READ_ERROR%0D%0AErr%3A%20(104)%20Connection%20reset%20by%20peer%0D%0ATimeStamp%3A%20Tue,%2016%20Jun%202015%2023%3A19%3A28%20GMT%0D%0A%0D%0AClientIP%3A%20172.27.6.112%0D%0AServerIP%3A%20ondemand.saucelabs.com%0D%0A%0D%0AHTTP%20Request%3A%0D%0APOST%20%2Fwd%2Fhub%2Fsession%2Fbf0325a1e17e496caed91f7dc6ed9d1d%2Felement%2F0%2Fclick%20HTTP%2F1.1%0AContent-Type%3A%20application%2Fjson%3B%20charset%3Dutf-8%0D%0AContent-Length%3A%2010%0D%0AHost%3A%20ondemand.saucelabs.com%3A80%0D%0AConnection%3A%20Keep-Alive%0D%0AUser-Agent%3A%20Apache-HttpClient%2F4.3.6%20(java%201.5)%0D%0AAccept-Encoding%3A%20gzip,deflate%0D%0A%0D%0A%0D%0A&quot;&gt;webmaster&lt;/a&gt;.&lt;/p&gt;&lt;br&gt;&lt;/div&gt;&lt;hr&gt;&lt;div id=&quot;footer&quot;&gt;&lt;p&gt;Generated Tue, 16 Jun 2015 23:19:28 GMT by 3 (squid)&lt;/p&gt;&lt;!-- ERR_READ_ERROR --&gt;&lt;/div&gt;&lt;/body&gt;&lt;/html&gt;
Command duration or timeout: 21.98 seconds
Build info: version: &apos;2.45.0&apos;, revision: &apos;5017cb8e7ca8e37638dc3091b2440b90a1d8686f&apos;, time: &apos;2015-02-27 09:10:26&apos;
System info: host: &apos;kristians-MacBook-Air.local&apos;, ip: &apos;172.27.6.112&apos;, os.name: &apos;Mac OS X&apos;, os.arch: &apos;x86_64&apos;, os.version: &apos;10.10.3&apos;, java.version: &apos;1.8.0_40&apos;
Driver info: org.openqa.selenium.remote.RemoteWebDriver
Capabilities [{browserAttachTimeout=0, enablePersistentHover=true, ie.forceCreateProcessApi=false, ie.usePerProcessProxy=false, ignoreZoomSetting=false, hasMetadata=true, handlesAlerts=true, version=10, platform=WINDOWS, nativeEvents=true, ie.ensureCleanSession=false, elementScrollBehavior=0, webdriver.remote.sessionid=bf0325a1e17e496caed91f7dc6ed9d1d, ie.browserCommandLineSwitches=, requireWindowFocus=false, takesScreenshot=true, initialBrowserUrl=about:blank, browserName=internet explorer, javascriptEnabled=true, ignoreProtectedModeSettings=false, enableElementCacheCleanup=true, cssSelectorsEnabled=true, unexpectedAlertBehaviour=dismiss}]
Session ID: bf0325a1e17e496caed91f7dc6ed9d1d
	at sun.reflect.NativeConstructorAccessorImpl.newInstance0(Native Method)
	at sun.reflect.NativeConstructorAccessorImpl.newInstance(NativeConstructorAccessorImpl.java:62)
	at sun.reflect.DelegatingConstructorAccessorImpl.newInstance(DelegatingConstructorAccessorImpl.java:45)
	at java.lang.reflect.Constructor.newInstance(Constructor.java:422)
	at org.openqa.selenium.remote.ErrorHandler.createThrowable(ErrorHandler.java:204)
	at org.openqa.selenium.remote.ErrorHandler.throwIfResponseFailed(ErrorHandler.java:156)
	at org.openqa.selenium.remote.RemoteWebDriver.execute(RemoteWebDriver.java:599)
	at org.openqa.selenium.remote.RemoteWebElement.execute(RemoteWebElement.java:268)
	at org.openqa.selenium.remote.RemoteWebElement.click(RemoteWebElement.java:79)
	at com.yourcompany.SampleSauceTest.loginTest(SampleSauceTest.java:176)
	at sun.reflect.NativeMethodAccessorImpl.invoke0(Native Method)
	at sun.reflect.NativeMethodAccessorImpl.invoke(NativeMethodAccessorImpl.java:62)
	at sun.reflect.DelegatingMethodAccessorImpl.invoke(DelegatingMethodAccessorImpl.java:43)
	at java.lang.reflect.Method.invoke(Method.java:497)
	at org.junit.runners.model.FrameworkMethod$1.runReflectiveCall(FrameworkMethod.java:47)
	at org.junit.internal.runners.model.ReflectiveCallable.run(ReflectiveCallable.java:12)
	at org.junit.runners.model.FrameworkMethod.invokeExplosively(FrameworkMethod.java:44)
	at org.junit.internal.runners.statements.InvokeMethod.evaluate(InvokeMethod.java:17)
	at org.junit.internal.runners.statements.RunBefores.evaluate(RunBefores.java:26)
	at org.junit.internal.runners.statements.RunAfters.evaluate(RunAfters.java:27)
	at org.junit.rules.TestWatcher$1.evaluate(TestWatcher.java:55)
	at org.junit.rules.RunRules.evaluate(RunRules.java:20)
	at org.junit.runners.ParentRunner.runLeaf(ParentRunner.java:271)
	at org.junit.runners.BlockJUnit4ClassRunner.runChild(BlockJUnit4ClassRunner.java:70)
	at com.saucelabs.junit.ConcurrentParameterized$SauceClassRunnerForParameters.access$300(ConcurrentParameterized.java:170)
	at com.saucelabs.junit.ConcurrentParameterized$SauceClassRunnerForParameters$2.run(ConcurrentParameterized.java:287)
	at com.saucelabs.junit.ConcurrentParameterized$NonBlockingAsynchronousRunner$1.call(ConcurrentParameterized.java:312)
	at java.util.concurrent.FutureTask.run(FutureTask.java:266)
	at java.util.concurrent.ThreadPoolExecutor.runWorker(ThreadPoolExecutor.java:1142)
	at java.util.concurrent.ThreadPoolExecutor$Worker.run(ThreadPoolExecutor.java:617)
	at java.lang.Thread.run(Thread.java:745)
</error>
    <system-out>SauceOnDemandSessionID=bf0325a1e17e496caed91f7dc6ed9d1d job-name=com.yourcompany.SampleSauceTest.loginTest[1]
Job link: https://saucelabs.com/jobs/bf0325a1e17e496caed91f7dc6ed9d1d?auth=46fbf0a6868741dbcd75ddfb12e3d29d
</system-out>
  </testcase>
  <testcase classname="com.yourcompany.SampleSauceTest" name="loginTest[8]" time="0.005">
    <error message="&lt;!DOCTYPE html PUBLIC &quot;-//W3C//DTD HTML 4.01//EN&quot; &quot;http://www.w3.org/TR/html4/strict.dtd&quot;&gt;&lt;html&gt;&lt;head&gt;&lt;meta http-equiv=&quot;Content-Type&quot; content=&quot;text/html; charset=utf-8&quot;&gt;&lt;title&gt;ERROR: The requested URL could not be retrieved&lt;/title&gt;&lt;style type=&quot;text/css&quot;&gt;&lt;!--  Internal Error: Missing Template MGR_INDEXbody:lang(fa) { direction: rtl; font-size: 100%; font-family: Tahoma, Roya, sans-serif; float: right; }:lang(he) { direction: rtl; } --&gt;&lt;/style&gt;&lt;meta http-equiv=&quot;refresh&quot; content=&quot;0; url=http://www.flyfi.com/global/errors/no-coverage.htm&quot;/&gt;&lt;style type=&quot;text/css&quot;&gt;&lt;!-- html body {font-size: 0pt; color: #ffffff; background: #ffffff;} hr { display: none; } #titles { background: #ffffff; color: #ffffff; } h1 { font-size: 0pt; color: #ffffff; } h2 { font-size: 0pt; color: #ffffff; } #footer { font-size: 0pt; color: #ffffff; } a { color: #ffffff; font-size: 0pt; } p { color: #ffffff; font-size: 0pt; } --&gt;&lt;/style&gt;&lt;/head&gt;&lt;body id=ERR_READ_ERROR&gt;&lt;div id=&quot;titles&quot;&gt;&lt;h1&gt;ERROR&lt;/h1&gt;&lt;h2&gt;The requested URL could not be retrieved&lt;/h2&gt;&lt;/div&gt;&lt;hr&gt;&lt;div id=&quot;content&quot;&gt;&lt;p&gt;The following error was encountered while trying to retrieve the URL: &lt;a href=&quot;http://ondemand.saucelabs.com/wd/hub/session/8d3c1ce1cd574cd8aedb19a273d28980/element&quot;&gt;http://ondemand.saucelabs.com/wd/hub/session/8d3c1ce1cd574cd8aedb19a273d28980/element&lt;/a&gt;&lt;/p&gt;&lt;blockquote id=&quot;error&quot;&gt;&lt;p&gt;&lt;b&gt;Read Error&lt;/b&gt;&lt;/p&gt;&lt;/blockquote&gt;&lt;p id=&quot;sysmsg&quot;&gt;The system returned: &lt;i&gt;(104) Connection reset by peer&lt;/i&gt;&lt;/p&gt;&lt;p&gt;An error condition occurred while reading data from the network. Please retry your request.&lt;/p&gt;&lt;p&gt;Your cache administrator is &lt;a href=&quot;mailto:webmaster?subject=CacheErrorInfo%20-%20ERR_READ_ERROR&amp;amp;body=CacheHost%3A%203%0D%0AErrPage%3A%20ERR_READ_ERROR%0D%0AErr%3A%20(104)%20Connection%20reset%20by%20peer%0D%0ATimeStamp%3A%20Tue,%2016%20Jun%202015%2023%3A19%3A14%20GMT%0D%0A%0D%0AClientIP%3A%20172.27.6.112%0D%0AServerIP%3A%20ondemand.saucelabs.com%0D%0A%0D%0AHTTP%20Request%3A%0D%0APOST%20%2Fwd%2Fhub%2Fsession%2F8d3c1ce1cd574cd8aedb19a273d28980%2Felement%20HTTP%2F1.1%0AContent-Type%3A%20application%2Fjson%3B%20charset%3Dutf-8%0D%0AContent-Length%3A%20121%0D%0AHost%3A%20ondemand.saucelabs.com%3A80%0D%0AConnection%3A%20Keep-Alive%0D%0AUser-Agent%3A%20Apache-HttpClient%2F4.3.6%20(java%201.5)%0D%0AAccept-Encoding%3A%20gzip,deflate%0D%0A%0D%0A%0D%0A&quot;&gt;webmaster&lt;/a&gt;.&lt;/p&gt;&lt;br&gt;&lt;/div&gt;&lt;hr&gt;&lt;div id=&quot;footer&quot;&gt;&lt;p&gt;Generated Tue, 16 Jun 2015 23:19:14 GMT by 3 (squid)&lt;/p&gt;&lt;!-- ERR_READ_ERROR --&gt;&lt;/div&gt;&lt;/body&gt;&lt;/html&gt;
Command duration or timeout: 5.89 seconds
Build info: version: &apos;2.45.0&apos;, revision: &apos;5017cb8e7ca8e37638dc3091b2440b90a1d8686f&apos;, time: &apos;2015-02-27 09:10:26&apos;
System info: host: &apos;kristians-MacBook-Air.local&apos;, ip: &apos;172.27.6.112&apos;, os.name: &apos;Mac OS X&apos;, os.arch: &apos;x86_64&apos;, os.version: &apos;10.10.3&apos;, java.version: &apos;1.8.0_40&apos;
Driver info: org.openqa.selenium.remote.RemoteWebDriver
Capabilities [{browserAttachTimeout=0, enablePersistentHover=true, ie.forceCreateProcessApi=false, ie.usePerProcessProxy=false, ignoreZoomSetting=false, hasMetadata=true, handlesAlerts=true, version=9, platform=WINDOWS, proxy={proxyAutoconfigUrl=http://127.0.0.1:19876/pac.js, proxyType=pac}, nativeEvents=true, ie.ensureCleanSession=false, elementScrollBehavior=0, ie.browserCommandLineSwitches=, webdriver.remote.sessionid=8d3c1ce1cd574cd8aedb19a273d28980, requireWindowFocus=false, takesScreenshot=true, browserName=internet explorer, initialBrowserUrl=http://localhost:5715/, javascriptEnabled=true, ignoreProtectedModeSettings=false, enableElementCacheCleanup=true, cssSelectorsEnabled=true, unexpectedAlertBehaviour=dismiss}]
Session ID: 8d3c1ce1cd574cd8aedb19a273d28980
*** Element info: {Using=xpath, value=//div[@class=&apos;xdeals-container&apos;]//a[.=&apos;Search Express Deals®&apos;]}" type="org.openqa.selenium.WebDriverException">org.openqa.selenium.WebDriverException: &lt;!DOCTYPE html PUBLIC &quot;-//W3C//DTD HTML 4.01//EN&quot; &quot;http://www.w3.org/TR/html4/strict.dtd&quot;&gt;&lt;html&gt;&lt;head&gt;&lt;meta http-equiv=&quot;Content-Type&quot; content=&quot;text/html; charset=utf-8&quot;&gt;&lt;title&gt;ERROR: The requested URL could not be retrieved&lt;/title&gt;&lt;style type=&quot;text/css&quot;&gt;&lt;!--  Internal Error: Missing Template MGR_INDEXbody:lang(fa) { direction: rtl; font-size: 100%; font-family: Tahoma, Roya, sans-serif; float: right; }:lang(he) { direction: rtl; } --&gt;&lt;/style&gt;&lt;meta http-equiv=&quot;refresh&quot; content=&quot;0; url=http://www.flyfi.com/global/errors/no-coverage.htm&quot;/&gt;&lt;style type=&quot;text/css&quot;&gt;&lt;!-- html body {font-size: 0pt; color: #ffffff; background: #ffffff;} hr { display: none; } #titles { background: #ffffff; color: #ffffff; } h1 { font-size: 0pt; color: #ffffff; } h2 { font-size: 0pt; color: #ffffff; } #footer { font-size: 0pt; color: #ffffff; } a { color: #ffffff; font-size: 0pt; } p { color: #ffffff; font-size: 0pt; } --&gt;&lt;/style&gt;&lt;/head&gt;&lt;body id=ERR_READ_ERROR&gt;&lt;div id=&quot;titles&quot;&gt;&lt;h1&gt;ERROR&lt;/h1&gt;&lt;h2&gt;The requested URL could not be retrieved&lt;/h2&gt;&lt;/div&gt;&lt;hr&gt;&lt;div id=&quot;content&quot;&gt;&lt;p&gt;The following error was encountered while trying to retrieve the URL: &lt;a href=&quot;http://ondemand.saucelabs.com/wd/hub/session/8d3c1ce1cd574cd8aedb19a273d28980/element&quot;&gt;http://ondemand.saucelabs.com/wd/hub/session/8d3c1ce1cd574cd8aedb19a273d28980/element&lt;/a&gt;&lt;/p&gt;&lt;blockquote id=&quot;error&quot;&gt;&lt;p&gt;&lt;b&gt;Read Error&lt;/b&gt;&lt;/p&gt;&lt;/blockquote&gt;&lt;p id=&quot;sysmsg&quot;&gt;The system returned: &lt;i&gt;(104) Connection reset by peer&lt;/i&gt;&lt;/p&gt;&lt;p&gt;An error condition occurred while reading data from the network. Please retry your request.&lt;/p&gt;&lt;p&gt;Your cache administrator is &lt;a href=&quot;mailto:webmaster?subject=CacheErrorInfo%20-%20ERR_READ_ERROR&amp;amp;body=CacheHost%3A%203%0D%0AErrPage%3A%20ERR_READ_ERROR%0D%0AErr%3A%20(104)%20Connection%20reset%20by%20peer%0D%0ATimeStamp%3A%20Tue,%2016%20Jun%202015%2023%3A19%3A14%20GMT%0D%0A%0D%0AClientIP%3A%20172.27.6.112%0D%0AServerIP%3A%20ondemand.saucelabs.com%0D%0A%0D%0AHTTP%20Request%3A%0D%0APOST%20%2Fwd%2Fhub%2Fsession%2F8d3c1ce1cd574cd8aedb19a273d28980%2Felement%20HTTP%2F1.1%0AContent-Type%3A%20application%2Fjson%3B%20charset%3Dutf-8%0D%0AContent-Length%3A%20121%0D%0AHost%3A%20ondemand.saucelabs.com%3A80%0D%0AConnection%3A%20Keep-Alive%0D%0AUser-Agent%3A%20Apache-HttpClient%2F4.3.6%20(java%201.5)%0D%0AAccept-Encoding%3A%20gzip,deflate%0D%0A%0D%0A%0D%0A&quot;&gt;webmaster&lt;/a&gt;.&lt;/p&gt;&lt;br&gt;&lt;/div&gt;&lt;hr&gt;&lt;div id=&quot;footer&quot;&gt;&lt;p&gt;Generated Tue, 16 Jun 2015 23:19:14 GMT by 3 (squid)&lt;/p&gt;&lt;!-- ERR_READ_ERROR --&gt;&lt;/div&gt;&lt;/body&gt;&lt;/html&gt;
Command duration or timeout: 5.89 seconds
Build info: version: &apos;2.45.0&apos;, revision: &apos;5017cb8e7ca8e37638dc3091b2440b90a1d8686f&apos;, time: &apos;2015-02-27 09:10:26&apos;
System info: host: &apos;kristians-MacBook-Air.local&apos;, ip: &apos;172.27.6.112&apos;, os.name: &apos;Mac OS X&apos;, os.arch: &apos;x86_64&apos;, os.version: &apos;10.10.3&apos;, java.version: &apos;1.8.0_40&apos;
Driver info: org.openqa.selenium.remote.RemoteWebDriver
Capabilities [{browserAttachTimeout=0, enablePersistentHover=true, ie.forceCreateProcessApi=false, ie.usePerProcessProxy=false, ignoreZoomSetting=false, hasMetadata=true, handlesAlerts=true, version=9, platform=WINDOWS, proxy={proxyAutoconfigUrl=http://127.0.0.1:19876/pac.js, proxyType=pac}, nativeEvents=true, ie.ensureCleanSession=false, elementScrollBehavior=0, ie.browserCommandLineSwitches=, webdriver.remote.sessionid=8d3c1ce1cd574cd8aedb19a273d28980, requireWindowFocus=false, takesScreenshot=true, browserName=internet explorer, initialBrowserUrl=http://localhost:5715/, javascriptEnabled=true, ignoreProtectedModeSettings=false, enableElementCacheCleanup=true, cssSelectorsEnabled=true, unexpectedAlertBehaviour=dismiss}]
Session ID: 8d3c1ce1cd574cd8aedb19a273d28980
*** Element info: {Using=xpath, value=//div[@class=&apos;xdeals-container&apos;]//a[.=&apos;Search Express Deals®&apos;]}
	at sun.reflect.NativeConstructorAccessorImpl.newInstance0(Native Method)
	at sun.reflect.NativeConstructorAccessorImpl.newInstance(NativeConstructorAccessorImpl.java:62)
	at sun.reflect.DelegatingConstructorAccessorImpl.newInstance(DelegatingConstructorAccessorImpl.java:45)
	at java.lang.reflect.Constructor.newInstance(Constructor.java:422)
	at org.openqa.selenium.remote.ErrorHandler.createThrowable(ErrorHandler.java:204)
	at org.openqa.selenium.remote.ErrorHandler.throwIfResponseFailed(ErrorHandler.java:156)
	at org.openqa.selenium.remote.RemoteWebDriver.execute(RemoteWebDriver.java:599)
	at org.openqa.selenium.remote.RemoteWebDriver.findElement(RemoteWebDriver.java:352)
	at org.openqa.selenium.remote.RemoteWebDriver.findElementByXPath(RemoteWebDriver.java:449)
	at org.openqa.selenium.By$ByXPath.findElement(By.java:357)
	at org.openqa.selenium.remote.RemoteWebDriver.findElement(RemoteWebDriver.java:344)
	at com.yourcompany.SampleSauceTest.loginTest(SampleSauceTest.java:176)
	at sun.reflect.NativeMethodAccessorImpl.invoke0(Native Method)
	at sun.reflect.NativeMethodAccessorImpl.invoke(NativeMethodAccessorImpl.java:62)
	at sun.reflect.DelegatingMethodAccessorImpl.invoke(DelegatingMethodAccessorImpl.java:43)
	at java.lang.reflect.Method.invoke(Method.java:497)
	at org.junit.runners.model.FrameworkMethod$1.runReflectiveCall(FrameworkMethod.java:47)
	at org.junit.internal.runners.model.ReflectiveCallable.run(ReflectiveCallable.java:12)
	at org.junit.runners.model.FrameworkMethod.invokeExplosively(FrameworkMethod.java:44)
	at org.junit.internal.runners.statements.InvokeMethod.evaluate(InvokeMethod.java:17)
	at org.junit.internal.runners.statements.RunBefores.evaluate(RunBefores.java:26)
	at org.junit.internal.runners.statements.RunAfters.evaluate(RunAfters.java:27)
	at org.junit.rules.TestWatcher$1.evaluate(TestWatcher.java:55)
	at org.junit.rules.RunRules.evaluate(RunRules.java:20)
	at org.junit.runners.ParentRunner.runLeaf(ParentRunner.java:271)
	at org.junit.runners.BlockJUnit4ClassRunner.runChild(BlockJUnit4ClassRunner.java:70)
	at com.saucelabs.junit.ConcurrentParameterized$SauceClassRunnerForParameters.access$300(ConcurrentParameterized.java:170)
	at com.saucelabs.junit.ConcurrentParameterized$SauceClassRunnerForParameters$2.run(ConcurrentParameterized.java:287)
	at com.saucelabs.junit.ConcurrentParameterized$NonBlockingAsynchronousRunner$1.call(ConcurrentParameterized.java:312)
	at java.util.concurrent.FutureTask.run(FutureTask.java:266)
	at java.util.concurrent.ThreadPoolExecutor.runWorker(ThreadPoolExecutor.java:1142)
	at java.util.concurrent.ThreadPoolExecutor$Worker.run(ThreadPoolExecutor.java:617)
	at java.lang.Thread.run(Thread.java:745)
</error>
    <system-out>SauceOnDemandSessionID=8d3c1ce1cd574cd8aedb19a273d28980 job-name=com.yourcompany.SampleSauceTest.loginTest[8]
Job link: https://saucelabs.com/jobs/8d3c1ce1cd574cd8aedb19a273d28980?auth=8e11145b5390e57e33a54a36925ae990
</system-out>
  </testcase>
</testsuite>